[debug] [2024-08-20T22:59:57.929Z] ----------------------------------------------------------------------
[debug] [2024-08-20T22:59:57.932Z] Command:       C:\Program Files\nodejs\node.exe C:\Users\wyatt\AppData\Roaming\npm\node_modules\firebase-tools\lib\bin\firebase.js init hosting
[debug] [2024-08-20T22:59:57.932Z] CLI Version:   13.15.3
[debug] [2024-08-20T22:59:57.932Z] Platform:      win32
[debug] [2024-08-20T22:59:57.932Z] Node Version:  v20.10.0
[debug] [2024-08-20T22:59:57.932Z] Time:          Tue Aug 20 2024 15:59:57 GMT-0700 (Pacific Daylight Time)
[debug] [2024-08-20T22:59:57.933Z] ----------------------------------------------------------------------
[debug] 
[debug] [2024-08-20T22:59:58.009Z] > command requires scopes: ["email","openid","https://www.googleapis.com/auth/cloudplatformprojects.readonly","https://www.googleapis.com/auth/firebase","https://www.googleapis.com/auth/cloud-platform"]
[debug] [2024-08-20T22:59:58.009Z] > authorizing via signed-in user (wyattlarson250@gmail.com)
[info] 
     ######## #### ########  ######## ########     ###     ######  ########
     ##        ##  ##     ## ##       ##     ##  ##   ##  ##       ##
     ######    ##  ########  ######   ########  #########  ######  ######
     ##        ##  ##    ##  ##       ##     ## ##     ##       ## ##
     ##       #### ##     ## ######## ########  ##     ##  ######  ########

You're about to initialize a Firebase project in this directory:

  C:\Users\wyatt\Documents\GitHub\me

Before we get started, keep in mind:

  * You are initializing within an existing Firebase project directory

